# JRE version: OpenJDK Runtime Environment Temurin-17.0.10+7 (17.0.10+7) (build 17.0.10+7)
# Java VM: OpenJDK 64-Bit Server VM Temurin-17.0.10+7 (17.0.10+7, mixed mode, emulated-client, tiered, compressed oops, compressed class ptrs, g1 gc, windows-amd64)
GC Precious Log:
 CPUs: 6 total, 6 available
 Memory: 65408M
 Large Page Support: Disabled
 NUMA Support: Disabled
 Compressed Oops: Enabled (32-bit)
 Heap Region Size: 1M
 Heap Min Capacity: 8M
 Heap Initial Capacity: 1G
 Heap Max Capacity: 1G
 Pre-touch: Disabled
 Parallel Workers: 6
 Concurrent Workers: 2
 Concurrent Refinement Workers: 6
 Periodic GC: Disabled
Heap:
 garbage-first heap   total 97280K, used 40408K [0x00000000c0000000, 0x0000000100000000)
  region size 1024K, 1 young (1024K), 0 survivors (0K)
 Metaspace       used 59423K, committed 59840K, reserved 1114112K
  class space    used 7403K, committed 7616K, reserved 1048576K
GC Heap History (20 events):
Event: 36695.832 GC heap before
{Heap before GC invocations=3519 (full 3472):
 garbage-first heap   total 97280K, used 40408K [0x00000000c0000000, 0x0000000100000000)
  region size 1024K, 1 young (1024K), 0 survivors (0K)
 Metaspace       used 59423K, committed 59840K, reserved 1114112K
  class space    used 7403K, committed 7616K, reserved 1048576K
}
Event: 36695.860 GC heap after
{Heap after GC invocations=3520 (full 3473):
 garbage-first heap   total 97280K, used 40408K [0x00000000c0000000, 0x0000000100000000)
  region size 1024K, 0 young (0K), 0 survivors (0K)
 Metaspace       used 59423K, committed 59840K, reserved 1114112K
  class space    used 7403K, committed 7616K, reserved 1048576K
}
Event: 36706.947 GC heap before
{Heap before GC invocations=3520 (full 3473):
 garbage-first heap   total 97280K, used 40408K [0x00000000c0000000, 0x0000000100000000)
  region size 1024K, 1 young (1024K), 0 survivors (0K)
 Metaspace       used 59423K, committed 59840K, reserved 1114112K
  class space    used 7403K, committed 7616K, reserved 1048576K
}
Event: 36706.975 GC heap after
{Heap after GC invocations=3521 (full 3474):
 garbage-first heap   total 97280K, used 40408K [0x00000000c0000000, 0x0000000100000000)
  region size 1024K, 0 young (0K), 0 survivors (0K)
 Metaspace       used 59423K, committed 59840K, reserved 1114112K
  class space    used 7403K, committed 7616K, reserved 1048576K
}
Event: 36718.040 GC heap before
{Heap before GC invocations=3521 (full 3474):
 garbage-first heap   total 97280K, used 40408K [0x00000000c0000000, 0x0000000100000000)
  region size 1024K, 1 young (1024K), 0 survivors (0K)
 Metaspace       used 59423K, committed 59840K, reserved 1114112K
  class space    used 7403K, committed 7616K, reserved 1048576K
}
Event: 36718.072 GC heap after
{Heap after GC invocations=3522 (full 3475):
 garbage-first heap   total 97280K, used 40408K [0x00000000c0000000, 0x0000000100000000)
  region size 1024K, 0 young (0K), 0 survivors (0K)
 Metaspace       used 59423K, committed 59840K, reserved 1114112K
  class space    used 7403K, committed 7616K, reserved 1048576K
}
Event: 36729.239 GC heap before
{Heap before GC invocations=3522 (full 3475):
 garbage-first heap   total 97280K, used 40408K [0x00000000c0000000, 0x0000000100000000)
  region size 1024K, 1 young (1024K), 0 survivors (0K)
 Metaspace       used 59423K, committed 59840K, reserved 1114112K
  class space    used 7403K, committed 7616K, reserved 1048576K
}
Event: 36729.268 GC heap after
{Heap after GC invocations=3523 (full 3476):
 garbage-first heap   total 97280K, used 40408K [0x00000000c0000000, 0x0000000100000000)
  region size 1024K, 0 young (0K), 0 survivors (0K)
 Metaspace       used 59423K, committed 59840K, reserved 1114112K
  class space    used 7403K, committed 7616K, reserved 1048576K
}
Event: 36740.354 GC heap before
{Heap before GC invocations=3523 (full 3476):
 garbage-first heap   total 97280K, used 40408K [0x00000000c0000000, 0x0000000100000000)
  region size 1024K, 1 young (1024K), 0 survivors (0K)
 Metaspace       used 59423K, committed 59840K, reserved 1114112K
  class space    used 7403K, committed 7616K, reserved 1048576K
}
Event: 36740.384 GC heap after
{Heap after GC invocations=3524 (full 3477):
 garbage-first heap   total 97280K, used 40408K [0x00000000c0000000, 0x0000000100000000)
  region size 1024K, 0 young (0K), 0 survivors (0K)
 Metaspace       used 59423K, committed 59840K, reserved 1114112K
  class space    used 7403K, committed 7616K, reserved 1048576K
}
Event: 36751.538 GC heap before
{Heap before GC invocations=3524 (full 3477):
 garbage-first heap   total 97280K, used 40408K [0x00000000c0000000, 0x0000000100000000)
  region size 1024K, 1 young (1024K), 0 survivors (0K)
 Metaspace       used 59423K, committed 59840K, reserved 1114112K
  class space    used 7403K, committed 7616K, reserved 1048576K
}
Event: 36751.566 GC heap after
{Heap after GC invocations=3525 (full 3478):
 garbage-first heap   total 97280K, used 40408K [0x00000000c0000000, 0x0000000100000000)
  region size 1024K, 0 young (0K), 0 survivors (0K)
 Metaspace       used 59423K, committed 59840K, reserved 1114112K
  class space    used 7403K, committed 7616K, reserved 1048576K
}
Event: 36762.852 GC heap before
{Heap before GC invocations=3525 (full 3478):
 garbage-first heap   total 97280K, used 40408K [0x00000000c0000000, 0x0000000100000000)
  region size 1024K, 1 young (1024K), 0 survivors (0K)
 Metaspace       used 59423K, committed 59840K, reserved 1114112K
  class space    used 7403K, committed 7616K, reserved 1048576K
}
Event: 36762.885 GC heap after
{Heap after GC invocations=3526 (full 3479):
 garbage-first heap   total 97280K, used 40408K [0x00000000c0000000, 0x0000000100000000)
  region size 1024K, 0 young (0K), 0 survivors (0K)
 Metaspace       used 59423K, committed 59840K, reserved 1114112K
  class space    used 7403K, committed 7616K, reserved 1048576K
}
Event: 36773.970 GC heap before
{Heap before GC invocations=3526 (full 3479):
 garbage-first heap   total 97280K, used 40408K [0x00000000c0000000, 0x0000000100000000)
  region size 1024K, 1 young (1024K), 0 survivors (0K)
 Metaspace       used 59423K, committed 59840K, reserved 1114112K
  class space    used 7403K, committed 7616K, reserved 1048576K
}
Event: 36774.002 GC heap after
{Heap after GC invocations=3527 (full 3480):
 garbage-first heap   total 97280K, used 40408K [0x00000000c0000000, 0x0000000100000000)
  region size 1024K, 0 young (0K), 0 survivors (0K)
 Metaspace       used 59423K, committed 59840K, reserved 1114112K
  class space    used 7403K, committed 7616K, reserved 1048576K
}
Event: 36785.203 GC heap before
{Heap before GC invocations=3527 (full 3480):
 garbage-first heap   total 97280K, used 40408K [0x00000000c0000000, 0x0000000100000000)
  region size 1024K, 1 young (1024K), 0 survivors (0K)
 Metaspace       used 59423K, committed 59840K, reserved 1114112K
  class space    used 7403K, committed 7616K, reserved 1048576K
}
Event: 36785.232 GC heap after
{Heap after GC invocations=3528 (full 3481):
 garbage-first heap   total 97280K, used 40408K [0x00000000c0000000, 0x0000000100000000)
  region size 1024K, 0 young (0K), 0 survivors (0K)
 Metaspace       used 59423K, committed 59840K, reserved 1114112K
  class space    used 7403K, committed 7616K, reserved 1048576K
}
Event: 36796.418 GC heap before
{Heap before GC invocations=3528 (full 3481):
 garbage-first heap   total 97280K, used 40408K [0x00000000c0000000, 0x0000000100000000)
  region size 1024K, 1 young (1024K), 0 survivors (0K)
 Metaspace       used 59423K, committed 59840K, reserved 1114112K
  class space    used 7403K, committed 7616K, reserved 1048576K
}
Event: 36796.447 GC heap after
{Heap after GC invocations=3529 (full 3482):
 garbage-first heap   total 97280K, used 40408K [0x00000000c0000000, 0x0000000100000000)
  region size 1024K, 0 young (0K), 0 survivors (0K)
 Metaspace       used 59423K, committed 59840K, reserved 1114112K
  class space    used 7403K, committed 7616K, reserved 1048576K
}

